2026-04-09 23:58:00,764 | INFO | Using device: cpu
2026-04-09 23:58:00,764 | INFO | Training dataset root: D:\projects\anemia detection\dataset
2026-04-09 23:58:01,050 | INFO | Class weights: {'non-anemic': 1.0786536931991577, 'anemic': 0.932037353515625}
2026-04-09 23:58:14,085 | INFO | Epoch 1/50 | lr=0.00002000
2026-04-10 00:05:32,791 | INFO | Using device: cpu
2026-04-10 00:05:32,791 | INFO | Training dataset root: D:\projects\anemia detection\dataset
2026-04-10 00:05:32,803 | INFO | Class weights: {'non-anemic': 1.0786536931991577, 'anemic': 0.932037353515625}
2026-04-10 00:05:33,545 | INFO | Epoch 1/50 | lr=0.00002000
2026-04-10 15:52:41,385 | INFO | Using device: cpu
2026-04-10 15:52:41,385 | INFO | Training dataset root: D:\projects\anemia detection\dataset
2026-04-10 15:52:41,396 | INFO | Class weights: {'non-anemic': 1.0786536931991577, 'anemic': 0.932037353515625}
2026-04-10 15:52:41,815 | INFO | Epoch 1/50 | lr=0.00002000
2026-04-13 02:34:08,006 | INFO | Using device: cpu
2026-04-13 02:34:08,006 | INFO | Training dataset root: D:\projects\anemia detection\dataset
2026-04-13 02:34:08,006 | INFO | Training profile: fast
2026-04-13 02:34:08,006 | INFO | Model architecture: efficientnet_b0
2026-04-13 02:34:08,023 | INFO | Class weights: {'non-anemic': 1.0786536931991577, 'anemic': 0.932037353515625}
2026-04-13 02:34:17,069 | INFO | Epoch 1/12 | lr=0.00002000
2026-04-13 02:56:45,124 | INFO | Epoch 1 summary | train_loss=0.6837 train_acc=0.5434 valid_loss=0.6963 valid_acc=0.5421 valid_f1=0.5739 valid_auc_roc=0.4906
2026-04-13 02:56:45,450 | INFO | Saved new best model to D:\projects\anemia detection\models\best_model.pth
2026-04-13 02:56:48,325 | INFO | Epoch 2/12 | lr=0.00006000
2026-04-13 03:19:53,966 | INFO | Epoch 2 summary | train_loss=0.6532 train_acc=0.6105 valid_loss=0.7317 valid_acc=0.4112 valid_f1=0.1600 valid_auc_roc=0.5216
2026-04-13 03:19:56,497 | INFO | Epoch 3/12 | lr=0.00010000
2026-04-13 12:31:59,822 | INFO | Epoch 3 summary | train_loss=0.6156 train_acc=0.6668 valid_loss=0.7669 valid_acc=0.4486 valid_f1=0.2532 valid_auc_roc=0.5826
2026-04-13 12:32:08,819 | INFO | Epoch 4/12 | lr=0.00009758
